<?xml version="1.0" encoding="UTF-8"?>
<!-- Generated by org.testng.reporters.JUnitReportReporter -->
<testsuite skipped="0" hostname="DESKTOP-STLTQQF" name="Tests.Class3Test" tests="1" failures="0" timestamp="30 May 2022 10:04:40 GMT" time="0.004" errors="0">
  <testcase name="Products" time="0.004" classname="Tests.Class3Test"/>
</testsuite> <!-- Tests.Class3Test -->
