<?xml version="1.0" encoding="UTF-8"?>
<!-- Generated by org.testng.reporters.JUnitReportReporter -->
<testsuite skipped="0" hostname="DESKTOP-STLTQQF" name="Tests.Class1Test" tests="1" failures="0" timestamp="30 May 2022 10:04:40 GMT" time="2.627" errors="0">
  <testcase name="employees" time="2.627" classname="Tests.Class1Test"/>
</testsuite> <!-- Tests.Class1Test -->
