<?xml version="1.0" encoding="UTF-8"?>
<!-- Generated by org.testng.reporters.JUnitReportReporter -->
<testsuite skipped="0" hostname="DESKTOP-STLTQQF" name="Tests.Class2Test" tests="1" failures="0" timestamp="30 May 2022 10:04:40 GMT" time="0.005" errors="0">
  <testcase name="organization" time="0.005" classname="Tests.Class2Test"/>
</testsuite> <!-- Tests.Class2Test -->
